0 info it worked if it ends with ok
1 verbose cli [ '/usr/local/Cellar/node/6.3.1/bin/node',
1 verbose cli   '/usr/local/bin/npm',
1 verbose cli   'run',
1 verbose cli   'deploy' ]
2 info using npm@3.10.3
3 info using node@v6.3.1
4 verbose run-script [ 'predeploy', 'deploy', 'postdeploy' ]
5 info lifecycle tracking_app@1.0.0~predeploy: tracking_app@1.0.0
6 silly lifecycle tracking_app@1.0.0~predeploy: no script for predeploy, continuing
7 info lifecycle tracking_app@1.0.0~deploy: tracking_app@1.0.0
8 verbose lifecycle tracking_app@1.0.0~deploy: unsafe-perm in lifecycle true
9 verbose lifecycle tracking_app@1.0.0~deploy: PATH: /usr/local/lib/node_modules/npm/bin/node-gyp-bin:/Users/Rob/Sites/poll_site/node_modules/.bin:/usr/local/Cellar/node/6.3.1/bin:/Users/Rob/.rbenv/shims:/Users/Rob/.rbenv/bin:/Library/Frameworks/Python.framework/Versions/3.5/bin:/usr/local/share/npm/bin:/Applications/MAMP/bin/php/php5.5.3/bin:/usr/bin:/bin:/usr/sbin:/sbin:/usr/local/bin:/opt/X11/bin:/usr/local/git/bin:/Applications/Postgres.app/Contents/Versions/latest/bin
10 verbose lifecycle tracking_app@1.0.0~deploy: CWD: /Users/Rob/Sites/poll_site
11 silly lifecycle tracking_app@1.0.0~deploy: Args: [ '-c', 'npm run build&&gh-pages -d build' ]
12 silly lifecycle tracking_app@1.0.0~deploy: Returned: code: 1  signal: null
13 info lifecycle tracking_app@1.0.0~deploy: Failed to exec deploy script
14 verbose stack Error: tracking_app@1.0.0 deploy: `npm run build&&gh-pages -d build`
14 verbose stack Exit status 1
14 verbose stack     at EventEmitter.<anonymous> (/usr/local/lib/node_modules/npm/lib/utils/lifecycle.js:242:16)
14 verbose stack     at emitTwo (events.js:106:13)
14 verbose stack     at EventEmitter.emit (events.js:191:7)
14 verbose stack     at ChildProcess.<anonymous> (/usr/local/lib/node_modules/npm/lib/utils/spawn.js:40:14)
14 verbose stack     at emitTwo (events.js:106:13)
14 verbose stack     at ChildProcess.emit (events.js:191:7)
14 verbose stack     at maybeClose (internal/child_process.js:852:16)
14 verbose stack     at Process.ChildProcess._handle.onexit (internal/child_process.js:215:5)
15 verbose pkgid tracking_app@1.0.0
16 verbose cwd /Users/Rob/Sites/poll_site
17 error Darwin 15.6.0
18 error argv "/usr/local/Cellar/node/6.3.1/bin/node" "/usr/local/bin/npm" "run" "deploy"
19 error node v6.3.1
20 error npm  v3.10.3
21 error code ELIFECYCLE
22 error tracking_app@1.0.0 deploy: `npm run build&&gh-pages -d build`
22 error Exit status 1
23 error Failed at the tracking_app@1.0.0 deploy script 'npm run build&&gh-pages -d build'.
23 error Make sure you have the latest version of node.js and npm installed.
23 error If you do, this is most likely a problem with the tracking_app package,
23 error not with npm itself.
23 error Tell the author that this fails on your system:
23 error     npm run build&&gh-pages -d build
23 error You can get information on how to open an issue for this project with:
23 error     npm bugs tracking_app
23 error Or if that isn't available, you can get their info via:
23 error     npm owner ls tracking_app
23 error There is likely additional logging output above.
24 verbose exit [ 1, true ]
